<?xml version="1.0" encoding="UTF-8"?>
<testsuite xmlns:xsi="http://www.w3.org/2001/XMLSchema-instance" xsi:noNamespaceSchemaLocation="https://maven.apache.org/surefire/maven-surefire-plugin/xsd/surefire-test-report-3.0.xsd" version="3.0" name="com.hiroakina.juinttest.TaskManagerTest" time="0.218" tests="14" errors="0" skipped="0" failures="0">
  <properties>
    <property name="java.specification.version" value="21"/>
    <property name="sun.cpu.isalist" value="amd64"/>
    <property name="sun.jnu.encoding" value="MS932"/>
    <property name="java.class.path" value="c:\Users\nayuw\source\repos\ToDoListManager\target\test-classes;c:\Users\nayuw\source\repos\ToDoListManager\target\classes;C:\Users\nayuw\.m2\repository\junit\junit\4.13.2\junit-4.13.2.jar;C:\Users\nayuw\.m2\repository\org\hamcrest\hamcrest-core\1.3\hamcrest-core-1.3.jar;"/>
    <property name="java.vm.vendor" value="Microsoft"/>
    <property name="sun.arch.data.model" value="64"/>
    <property name="user.variant" value=""/>
    <property name="java.vendor.url" value="https://www.microsoft.com"/>
    <property name="user.timezone" value="Europe/Budapest"/>
    <property name="os.name" value="Windows 11"/>
    <property name="java.vm.specification.version" value="21"/>
    <property name="sun.java.launcher" value="SUN_STANDARD"/>
    <property name="user.country" value="JP"/>
    <property name="sun.boot.library.path" value="C:\Users\nayuw\jdk-21.0.4+7\bin"/>
    <property name="sun.java.command" value="C:\Users\nayuw\AppData\Local\Temp\surefire5214960673287543789\surefirebooter-20241227190542264_3.jar C:\Users\nayuw\AppData\Local\Temp\surefire5214960673287543789 2024-12-27T19-05-42_040-jvmRun1 surefire-20241227190542264_1tmp surefire_0-20241227190542264_2tmp"/>
    <property name="jdk.debug" value="release"/>
    <property name="surefire.test.class.path" value="c:\Users\nayuw\source\repos\ToDoListManager\target\test-classes;c:\Users\nayuw\source\repos\ToDoListManager\target\classes;C:\Users\nayuw\.m2\repository\junit\junit\4.13.2\junit-4.13.2.jar;C:\Users\nayuw\.m2\repository\org\hamcrest\hamcrest-core\1.3\hamcrest-core-1.3.jar;"/>
    <property name="sun.cpu.endian" value="little"/>
    <property name="user.home" value="C:\Users\nayuw"/>
    <property name="user.language" value="ja"/>
    <property name="java.specification.vendor" value="Oracle Corporation"/>
    <property name="java.version.date" value="2024-07-16"/>
    <property name="java.home" value="C:\Users\nayuw\jdk-21.0.4+7"/>
    <property name="file.separator" value="\"/>
    <property name="basedir" value="c:\Users\nayuw\source\repos\ToDoListManager"/>
    <property name="java.vm.compressedOopsMode" value="Zero based"/>
    <property name="line.separator" value="&#10;"/>
    <property name="java.vm.specification.vendor" value="Oracle Corporation"/>
    <property name="java.specification.name" value="Java Platform API Specification"/>
    <property name="surefire.real.class.path" value="C:\Users\nayuw\AppData\Local\Temp\surefire5214960673287543789\surefirebooter-20241227190542264_3.jar"/>
    <property name="user.script" value=""/>
    <property name="sun.management.compiler" value="HotSpot 64-Bit Tiered Compilers"/>
    <property name="java.runtime.version" value="21.0.4+7-LTS"/>
    <property name="user.name" value="nayuw"/>
    <property name="stdout.encoding" value="MS932"/>
    <property name="path.separator" value=";"/>
    <property name="os.version" value="10.0"/>
    <property name="java.runtime.name" value="OpenJDK Runtime Environment"/>
    <property name="file.encoding" value="UTF-8"/>
    <property name="java.vm.name" value="OpenJDK 64-Bit Server VM"/>
    <property name="java.vendor.version" value="Microsoft-9889606"/>
    <property name="localRepository" value="C:\Users\nayuw\.m2\repository"/>
    <property name="java.vendor.url.bug" value="https://github.com/microsoft/openjdk/issues"/>
    <property name="java.io.tmpdir" value="C:\Users\nayuw\AppData\Local\Temp\"/>
    <property name="java.version" value="21.0.4"/>
    <property name="user.dir" value="c:\Users\nayuw\source\repos\ToDoListManager"/>
    <property name="os.arch" value="amd64"/>
    <property name="java.vm.specification.name" value="Java Virtual Machine Specification"/>
    <property name="sun.os.patch.level" value=""/>
    <property name="native.encoding" value="MS932"/>
    <property name="java.library.path" value="C:\Users\nayuw\jdk-21.0.4+7\bin;C:\WINDOWS\Sun\Java\bin;C:\WINDOWS\system32;C:\WINDOWS;C:\Program Files (x86)\VMware\VMware Workstation\bin\;C:\WINDOWS\system32;C:\WINDOWS;C:\WINDOWS\System32\Wbem;C:\WINDOWS\System32\WindowsPowerShell\v1.0\;C:\WINDOWS\System32\OpenSSH\;C:\Program Files\dotnet\;C:\Program Files\Microsoft SQL Server\150\Tools\Binn\;C:\Program Files\Microsoft SQL Server\Client SDK\ODBC\170\Tools\Binn\;C:\Users\nayuw\jdk-21.0.4+7\bin;C:\Users\nayuw\apache-maven-3.9.9\bin;C:\Program Files\Git\cmd;C:\Program Files\PuTTY\;C:\Users\nayuw\AppData\Local\Programs\WingetUI\choco-cli\bin;C:\Users\nayuw\AppData\Local\Programs\Python\Python311\Scripts\;C:\Users\nayuw\AppData\Local\Programs\Python\Python311\;C:\Users\nayuw\AppData\Local\Microsoft\WindowsApps;C:\Users\nayuw\.dotnet\tools;C:\Program Files\mingw64\bin;C:\Users\nayuw\AppData\Local\Programs\Microsoft VS Code\bin;C:\Users\nayuw\anaconda3;C:\Users\nayuw\anaconda3\Library\mingw-w64\bin;C:\Users\nayuw\anaconda3\Library\usr\bin;C:\Users\nayuw\anaconda3\Library\bin;C:\Users\nayuw\anaconda3\Scripts;;."/>
    <property name="java.vm.info" value="mixed mode, sharing"/>
    <property name="stderr.encoding" value="MS932"/>
    <property name="java.vendor" value="Microsoft"/>
    <property name="java.vm.version" value="21.0.4+7-LTS"/>
    <property name="sun.io.unicode.encoding" value="UnicodeLittle"/>
    <property name="java.class.version" value="65.0"/>
  </properties>
  <testcase name="testSetValueAt" classname="com.hiroakina.juinttest.TaskManagerTest" time="0.012"/>
  <testcase name="testAddTask" classname="com.hiroakina.juinttest.TaskManagerTest" time="0.0"/>
  <testcase name="testEmptyTaskList" classname="com.hiroakina.juinttest.TaskManagerTest" time="0.0"/>
  <testcase name="testGetCategories" classname="com.hiroakina.juinttest.TaskManagerTest" time="0.0"/>
  <testcase name="testGetColumnName" classname="com.hiroakina.juinttest.TaskManagerTest" time="0.0"/>
  <testcase name="testRemoveTask" classname="com.hiroakina.juinttest.TaskManagerTest" time="0.0"/>
  <testcase name="testLoadTasksFromNonexistentFile" classname="com.hiroakina.juinttest.TaskManagerTest" time="0.0"/>
  <testcase name="testIsCellEditable" classname="com.hiroakina.juinttest.TaskManagerTest" time="0.002"/>
  <testcase name="testAddManyTasks" classname="com.hiroakina.juinttest.TaskManagerTest" time="0.01"/>
  <testcase name="testGetColumnClass" classname="com.hiroakina.juinttest.TaskManagerTest" time="0.0"/>
  <testcase name="testGetColumnCount" classname="com.hiroakina.juinttest.TaskManagerTest" time="0.0"/>
  <testcase name="testCreateNewFile" classname="com.hiroakina.juinttest.TaskManagerTest" time="0.012"/>
  <testcase name="testSaveAndLoadNewFile" classname="com.hiroakina.juinttest.TaskManagerTest" time="0.067"/>
  <testcase name="testSaveAndLoadTasks" classname="com.hiroakina.juinttest.TaskManagerTest" time="0.0"/>
</testsuite>